To honour the JVM settings for this build a single-use Daemon process will be forked. For more on this, please refer to https://docs.gradle.org/8.5/userguide/gradle_daemon.html#sec:disabling_the_daemon in the Gradle documentation.
Daemon will be stopped at the end of the build 
> Task :clean

> Task :compileJava
.\gradlew.bat : C:\Users\range\.redhat\src\main\java\com\sichrplace\backend\mod
el\User.java:68: warning: @Builder will ignore the initializing expression enti
rely. If you want the initializing expression to serve as default, add @Builder
.Default. If it is not supposed to be settable during building, make the field 
final.
At line:1 char:1
+ .\gradlew.bat clean testWithCoverage checkCoco --no-daemon --console= ...
+ ~~~~~~~~~~~~~~~~~~~~~~~~~~~~~~~~~~~~~~~~~~~~~~~~~~~~~~~~~~~~~~~~~~~~~
    + CategoryInfo          : NotSpecified: (C:\Users\range\...he field final. 
   :String) [], RemoteException
    + FullyQualifiedErrorId : NativeCommandError
 
    private int failedLoginAttempts = 0;
                ^
Note: C:\Users\range\.redhat\src\main\java\com\sichrplace\backend\config\Global
ExceptionHandler.java uses or overrides a deprecated API.
Note: Recompile with -Xlint:deprecation for details.
1 warning

> Task :processResources
> Task :classes

> Task :compileTestJava
Note: Some input files use or override a deprecated API.
Note: Recompile with -Xlint:deprecation for details.
Note: Some input files use unchecked or unsafe operations.
Note: Recompile with -Xlint:unchecked for details.

> Task :processTestResources
> Task :testClasses
OpenJDK 64-Bit Server VM warning: Sharing is only supported for boot loader cla
sses because bootstrap classpath has been appended
> Task :test

2026-02-23 16:25:03.661 [SpringApplicationShutdownHook] INFO  o.s.m.s.b.SimpleBrokerMessageHandler - Stopping...
2026-02-23 16:25:03.662 [SpringApplicationShutdownHook] INFO  o.s.m.s.b.SimpleBrokerMessageHandler - BrokerAvailabilityEvent[available=false, SimpleBrokerMessageHandler [org.springframework.messaging.simp.broker.DefaultSubscriptionRegistry@7a22203b]]
2026-02-23 16:25:03.662 [SpringApplicationShutdownHook] INFO  o.s.m.s.b.SimpleBrokerMessageHandler - Stopped.
2026-02-23 16:25:03.669 [SpringApplicationShutdownHook] INFO  o.s.o.j.LocalContainerEntityManagerFactoryBean - Closing JPA EntityManagerFactory for persistence unit 'default'
2026-02-23 16:25:04.271 [SpringApplicationShutdownHook] INFO  com.zaxxer.hikari.HikariDataSource - HikariPool-1 - Shutdown initiated...
2026-02-23 16:25:04.275 [SpringApplicationShutdownHook] INFO  com.zaxxer.hikari.HikariDataSource - HikariPool-1 - Shutdown completed.
2026-02-23 16:25:04.277 [SpringApplicationShutdownHook] INFO  o.s.m.s.b.SimpleBrokerMessageHandler - Stopping...
2026-02-23 16:25:04.277 [SpringApplicationShutdownHook] INFO  o.s.m.s.b.SimpleBrokerMessageHandler - BrokerAvailabilityEvent[available=false, SimpleBrokerMessageHandler [org.springframework.messaging.simp.broker.DefaultSubscriptionRegistry@a61492b]]
2026-02-23 16:25:04.277 [SpringApplicationShutdownHook] INFO  o.s.m.s.b.SimpleBrokerMessageHandler - Stopped.
2026-02-23 16:25:04.281 [SpringApplicationShutdownHook] INFO  o.s.o.j.LocalContainerEntityManagerFactoryBean - Closing JPA EntityManagerFactory for persistence unit 'default'
2026-02-23 16:25:04.284 [SpringApplicationShutdownHook] INFO  com.zaxxer.hikari.HikariDataSource - HikariPool-2 - Shutdown initiated...
2026-02-23 16:25:04.285 [SpringApplicationShutdownHook] INFO  com.zaxxer.hikari.HikariDataSource - HikariPool-2 - Shutdown completed.

> Task :jacocoTestReport
> Task :jacocoTestCoverageVerification
> Task :testWithCoverage

> Task :checkCoco FAILED

????????????????????????????????????????????????????????????
?           COCO ù Code Coverage Objectives               ?
????????????????????????????????????????????????????????????
? ? security              100,0% /  95%                   ?
? ? controller             99,3% /  99%                   ?
? ? config                 50,8% /  20%                   ?
? ? service                98,0% /  99%                   ?
? ? dto                    98,7% /  20%                   ?
? ? repository              1,4% /   0%                   ?
? ? model                  89,2% /  12%                   ?
? ? OVERALL                88,0% /  60%                   ?
????????????????????????????????????????????????????????????

FAILURE: Build failed with an exception.

* Where:
Build file 'C:\Users\range\.redhat\build.gradle' line: 212

* What went wrong:
Execution failed for task ':checkCoco'.
> COCO check FAILED:
    service: 98.0% < 99%

* Try:
> Run with --stacktrace option to get the stack trace.
> Run with --info or --debug option to get more log output.
> Run with --scan to get full insights.
> Get more help at https://help.gradle.org.

Deprecated Gradle features were used in this build, making it incompatible with Gradle 9.0.

You can use '--warning-mode all' to show the individual deprecation warnings and determine if they come from your own scripts or plugins.

For more on this, please refer to https://docs.gradle.org/8.5/userguide/command_line_interface.html#sec:command_line_warnings in the Gradle documentation.

BU¦LD FAILED in 1m 23s
9 actionable tasks: 9 executed
